<?xml version="1.0" encoding="UTF-8"?>
<robot generator="Robot 4.0.3 (Python 3.8.6 on win32)" generated="20210621 14:28:39.388" rpa="false" schemaversion="2">
<suite id="s1" name="Mot Test" source="C:\main\wksp\tracerobot\tests\mot_test.robot">
<test id="s1-t1" name="EOP Test1-1 - setBrk and setDuty">
<kw name="Init EOP" library="testlayer.MotTest">
<msg timestamp="20210621 14:28:40.965" level="INFO">Init Successful!</msg>
<status status="PASS" starttime="20210621 14:28:39.450" endtime="20210621 14:28:40.965"/>
</kw>
<kw name="Test Brkand Duty Conflict" library="testlayer.MotTest">
<msg timestamp="20210621 14:28:42.318" level="INFO">cycle 1 is end
cycle 2 is end
cycle 3 is end
cycle 4 is end
cycle 5 is end
cycle 6 is end
cycle 7 is end
cycle 8 is end
cycle 9 is end
cycle 10 is end
cycle 11 is end
cycle 12 is end
cycle 13 is end
cycle 14 is end
cycle 15 is end
cycle 16 is end
cycle 17 is end
cycle 18 is end
cycle 19 is end
cycle 20 is end</msg>
<msg timestamp="20210621 14:28:42.318" level="FAIL">Motor false Started!</msg>
<status status="FAIL" starttime="20210621 14:28:40.965" endtime="20210621 14:28:42.318"/>
</kw>
<status status="FAIL" starttime="20210621 14:28:39.450" endtime="20210621 14:28:42.318">Motor false Started!</status>
</test>
<test id="s1-t2" name="EOP Test1-2 - setDuty and setBrk">
<kw name="Init EOP" library="testlayer.MotTest">
<msg timestamp="20210621 14:28:43.882" level="INFO">Init Successful!</msg>
<status status="PASS" starttime="20210621 14:28:42.318" endtime="20210621 14:28:43.882"/>
</kw>
<kw name="Test Brkand Duty Conflict" library="testlayer.MotTest">
<msg timestamp="20210621 14:28:45.184" level="INFO">cycle 1 is end
cycle 2 is end
cycle 3 is end
cycle 4 is end
cycle 5 is end
cycle 6 is end
cycle 7 is end
cycle 8 is end
cycle 9 is end
cycle 10 is end
cycle 11 is end
cycle 12 is end
cycle 13 is end
cycle 14 is end
cycle 15 is end
cycle 16 is end
cycle 17 is end
cycle 18 is end
cycle 19 is end
cycle 20 is end</msg>
<msg timestamp="20210621 14:28:45.184" level="FAIL">Motor false Started!</msg>
<status status="FAIL" starttime="20210621 14:28:43.882" endtime="20210621 14:28:45.184"/>
</kw>
<status status="FAIL" starttime="20210621 14:28:42.318" endtime="20210621 14:28:45.184">Motor false Started!</status>
</test>
<test id="s1-t3" name="EOP Test2-1 - setHiz and setDuty">
<kw name="Init EOP" library="testlayer.MotTest">
<msg timestamp="20210621 14:28:46.687" level="INFO">Init Successful!</msg>
<status status="PASS" starttime="20210621 14:28:45.184" endtime="20210621 14:28:46.687"/>
</kw>
<kw name="Test Hi Zand Duty Conflict" library="testlayer.MotTest">
<msg timestamp="20210621 14:28:48.046" level="INFO">cycle 1 is end
cycle 2 is end
cycle 3 is end
cycle 4 is end
cycle 5 is end
cycle 6 is end
cycle 7 is end
cycle 8 is end
cycle 9 is end
cycle 10 is end
cycle 11 is end
cycle 12 is end
cycle 13 is end
cycle 14 is end
cycle 15 is end
cycle 16 is end
cycle 17 is end
cycle 18 is end
cycle 19 is end
cycle 20 is end</msg>
<msg timestamp="20210621 14:28:48.046" level="FAIL">Motor false Started!</msg>
<status status="FAIL" starttime="20210621 14:28:46.687" endtime="20210621 14:28:48.046"/>
</kw>
<status status="FAIL" starttime="20210621 14:28:45.184" endtime="20210621 14:28:48.046">Motor false Started!</status>
</test>
<test id="s1-t4" name="EOP Test2-2 - setDuty and setHiz">
<kw name="Init EOP" library="testlayer.MotTest">
<msg timestamp="20210621 14:28:49.560" level="INFO">Init Successful!</msg>
<status status="PASS" starttime="20210621 14:28:48.046" endtime="20210621 14:28:49.560"/>
</kw>
<kw name="Test Dutyand Hi Z Conflict" library="testlayer.MotTest">
<msg timestamp="20210621 14:28:50.930" level="INFO">cycle 1 is end
cycle 2 is end
cycle 3 is end
cycle 4 is end
cycle 5 is end
cycle 6 is end
cycle 7 is end
cycle 8 is end
cycle 9 is end
cycle 10 is end
cycle 11 is end
cycle 12 is end
cycle 13 is end
cycle 14 is end
cycle 15 is end
cycle 16 is end
cycle 17 is end
cycle 18 is end
cycle 19 is end
cycle 20 is end
cycle 21 is end</msg>
<status status="PASS" starttime="20210621 14:28:49.560" endtime="20210621 14:28:50.930"/>
</kw>
<status status="PASS" starttime="20210621 14:28:48.046" endtime="20210621 14:28:50.930"/>
</test>
<test id="s1-t5" name="EOP Test3-1 - setOn and setDuty">
<kw name="Init EOP" library="testlayer.MotTest">
<msg timestamp="20210621 14:28:52.389" level="INFO">Init Successful!</msg>
<status status="PASS" starttime="20210621 14:28:50.930" endtime="20210621 14:28:52.389"/>
</kw>
<kw name="Test Onand Duty Conflict" library="testlayer.MotTest">
<msg timestamp="20210621 14:28:53.758" level="INFO">cycle 1 is end
cycle 2 is end
cycle 3 is end
cycle 4 is end
cycle 5 is end
cycle 6 is end
cycle 7 is end
cycle 8 is end
cycle 9 is end
cycle 10 is end
cycle 11 is end
cycle 12 is end
cycle 13 is end
cycle 14 is end
cycle 15 is end
cycle 16 is end
cycle 17 is end
cycle 18 is end
cycle 19 is end
cycle 20 is end</msg>
<status status="PASS" starttime="20210621 14:28:52.389" endtime="20210621 14:28:53.758"/>
</kw>
<status status="PASS" starttime="20210621 14:28:50.930" endtime="20210621 14:28:53.758"/>
</test>
<test id="s1-t6" name="EOP Test3-2 - setDuty and setOn">
<kw name="Init EOP" library="testlayer.MotTest">
<msg timestamp="20210621 14:28:55.232" level="INFO">Init Successful!</msg>
<status status="PASS" starttime="20210621 14:28:53.758" endtime="20210621 14:28:55.232"/>
</kw>
<kw name="Test Dutyand On Conflict" library="testlayer.MotTest">
<msg timestamp="20210621 14:28:56.561" level="INFO">cycle 1 is end
cycle 2 is end
cycle 3 is end
cycle 4 is end
cycle 5 is end
cycle 6 is end
cycle 7 is end
cycle 8 is end
cycle 9 is end
cycle 10 is end
cycle 11 is end
cycle 12 is end
cycle 13 is end
cycle 14 is end
cycle 15 is end
cycle 16 is end
cycle 17 is end
cycle 18 is end
cycle 19 is end
cycle 20 is end</msg>
<status status="PASS" starttime="20210621 14:28:55.232" endtime="20210621 14:28:56.561"/>
</kw>
<status status="PASS" starttime="20210621 14:28:53.758" endtime="20210621 14:28:56.561"/>
</test>
<test id="s1-t7" name="EOP Teardown">
<kw name="Init EOP" library="testlayer.MotTest">
<msg timestamp="20210621 14:28:58.035" level="INFO">Init Successful!</msg>
<status status="PASS" starttime="20210621 14:28:56.561" endtime="20210621 14:28:58.035"/>
</kw>
<status status="PASS" starttime="20210621 14:28:56.561" endtime="20210621 14:28:58.035"/>
</test>
<status status="FAIL" starttime="20210621 14:28:39.404" endtime="20210621 14:28:58.035"/>
</suite>
<statistics>
<total>
<stat pass="4" fail="3" skip="0">All Tests</stat>
</total>
<tag>
</tag>
<suite>
<stat pass="4" fail="3" skip="0" id="s1" name="Mot Test">Mot Test</stat>
</suite>
</statistics>
<errors>
</errors>
</robot>
